[2024-09-20T18:54:05.974+0800] {processor.py:186} INFO - Started process (PID=14892) to work on /home/cdmaza/.local/lib/python3.10/site-packages/airflow/example_dags/example_xcomargs.py
[2024-09-20T18:54:05.979+0800] {processor.py:914} INFO - Processing file /home/cdmaza/.local/lib/python3.10/site-packages/airflow/example_dags/example_xcomargs.py for tasks to queue
[2024-09-20T18:54:05.989+0800] {logging_mixin.py:190} INFO - [2024-09-20T18:54:05.987+0800] {dagbag.py:587} INFO - Filling up the DagBag from /home/cdmaza/.local/lib/python3.10/site-packages/airflow/example_dags/example_xcomargs.py
[2024-09-20T18:54:06.040+0800] {processor.py:925} INFO - DAG(s) 'example_xcom_args_with_operators', 'example_xcom_args' retrieved from /home/cdmaza/.local/lib/python3.10/site-packages/airflow/example_dags/example_xcomargs.py
[2024-09-20T18:54:06.466+0800] {logging_mixin.py:190} INFO - [2024-09-20T18:54:06.465+0800] {override.py:1900} INFO - Created Permission View: can delete on DAG:example_xcom_args_with_operators
[2024-09-20T18:54:06.500+0800] {logging_mixin.py:190} INFO - [2024-09-20T18:54:06.499+0800] {override.py:1900} INFO - Created Permission View: can read on DAG:example_xcom_args_with_operators
[2024-09-20T18:54:06.536+0800] {logging_mixin.py:190} INFO - [2024-09-20T18:54:06.535+0800] {override.py:1900} INFO - Created Permission View: can edit on DAG:example_xcom_args_with_operators
[2024-09-20T18:54:06.583+0800] {logging_mixin.py:190} INFO - [2024-09-20T18:54:06.583+0800] {override.py:1900} INFO - Created Permission View: menu access on DAG Run:example_xcom_args_with_operators
[2024-09-20T18:54:06.611+0800] {logging_mixin.py:190} INFO - [2024-09-20T18:54:06.610+0800] {override.py:1900} INFO - Created Permission View: can delete on DAG Run:example_xcom_args_with_operators
[2024-09-20T18:54:06.636+0800] {logging_mixin.py:190} INFO - [2024-09-20T18:54:06.636+0800] {override.py:1900} INFO - Created Permission View: can read on DAG Run:example_xcom_args_with_operators
[2024-09-20T18:54:06.662+0800] {logging_mixin.py:190} INFO - [2024-09-20T18:54:06.662+0800] {override.py:1900} INFO - Created Permission View: can create on DAG Run:example_xcom_args_with_operators
[2024-09-20T18:54:06.712+0800] {logging_mixin.py:190} INFO - [2024-09-20T18:54:06.711+0800] {override.py:1900} INFO - Created Permission View: can delete on DAG:example_xcom_args
[2024-09-20T18:54:06.739+0800] {logging_mixin.py:190} INFO - [2024-09-20T18:54:06.738+0800] {override.py:1900} INFO - Created Permission View: can read on DAG:example_xcom_args
[2024-09-20T18:54:06.769+0800] {logging_mixin.py:190} INFO - [2024-09-20T18:54:06.768+0800] {override.py:1900} INFO - Created Permission View: can edit on DAG:example_xcom_args
[2024-09-20T18:54:06.810+0800] {logging_mixin.py:190} INFO - [2024-09-20T18:54:06.810+0800] {override.py:1900} INFO - Created Permission View: menu access on DAG Run:example_xcom_args
[2024-09-20T18:54:06.837+0800] {logging_mixin.py:190} INFO - [2024-09-20T18:54:06.837+0800] {override.py:1900} INFO - Created Permission View: can delete on DAG Run:example_xcom_args
[2024-09-20T18:54:06.862+0800] {logging_mixin.py:190} INFO - [2024-09-20T18:54:06.862+0800] {override.py:1900} INFO - Created Permission View: can read on DAG Run:example_xcom_args
[2024-09-20T18:54:06.887+0800] {logging_mixin.py:190} INFO - [2024-09-20T18:54:06.886+0800] {override.py:1900} INFO - Created Permission View: can create on DAG Run:example_xcom_args
[2024-09-20T18:54:06.887+0800] {logging_mixin.py:190} INFO - [2024-09-20T18:54:06.887+0800] {dag.py:3229} INFO - Sync 2 DAGs
[2024-09-20T18:54:06.905+0800] {logging_mixin.py:190} INFO - [2024-09-20T18:54:06.905+0800] {dag.py:3252} INFO - Creating ORM DAG for example_xcom_args
[2024-09-20T18:54:06.906+0800] {logging_mixin.py:190} INFO - [2024-09-20T18:54:06.906+0800] {dag.py:3252} INFO - Creating ORM DAG for example_xcom_args_with_operators
[2024-09-20T18:54:06.906+0800] {logging_mixin.py:190} INFO - [2024-09-20T18:54:06.906+0800] {dag.py:4156} INFO - Setting next_dagrun for example_xcom_args to None, run_after=None
[2024-09-20T18:54:06.907+0800] {logging_mixin.py:190} INFO - [2024-09-20T18:54:06.907+0800] {dag.py:4156} INFO - Setting next_dagrun for example_xcom_args_with_operators to None, run_after=None
[2024-09-20T18:54:06.959+0800] {processor.py:208} INFO - Processing /home/cdmaza/.local/lib/python3.10/site-packages/airflow/example_dags/example_xcomargs.py took 1.012 seconds
